
*** Running vivado
    with args -log system_memory_ctrl_merge_0_0.vds -m64 -product Vivado -mode batch -messageDb vivado.pb -notrace -source system_memory_ctrl_merge_0_0.tcl


****** Vivado v2018.2 (64-bit)
  **** SW Build 2258646 on Thu Jun 14 20:03:12 MDT 2018
  **** IP Build 2256618 on Thu Jun 14 22:10:49 MDT 2018
    ** Copyright 1986-2018 Xilinx, Inc. All Rights Reserved.

source system_memory_ctrl_merge_0_0.tcl -notrace
Command: synth_design -top system_memory_ctrl_merge_0_0 -part xc7z020clg400-1 -mode out_of_context
Starting synth_design
Attempting to get a license for feature 'Synthesis' and/or device 'xc7z020'
INFO: [Common 17-349] Got license for feature 'Synthesis' and/or device 'xc7z020'
INFO: Launching helper process for spawning children vivado processes
INFO: Helper process launched with PID 11740 
---------------------------------------------------------------------------------
Starting RTL Elaboration : Time (s): cpu = 00:00:05 ; elapsed = 00:00:05 . Memory (MB): peak = 447.723 ; gain = 95.215
---------------------------------------------------------------------------------
INFO: [Synth 8-6157] synthesizing module 'system_memory_ctrl_merge_0_0' [c:/Xilinx/Vivado/2018.2/final_merge_v1/final_merge_v1.srcs/sources_1/bd/system/ip/system_memory_ctrl_merge_0_0/synth/system_memory_ctrl_merge_0_0.v:56]
INFO: [Synth 8-6157] synthesizing module 'memory_ctrl_merge_v1_0' [c:/Xilinx/Vivado/2018.2/final_merge_v1/final_merge_v1.srcs/sources_1/bd/system/ipshared/5059/hdl/memory_ctrl_merge_v1_0.v:4]
	Parameter C_S00_AXI_DATA_WIDTH bound to: 32 - type: integer 
	Parameter C_S00_AXI_ADDR_WIDTH bound to: 4 - type: integer 
INFO: [Synth 8-6157] synthesizing module 'memory_ctrl_merge_v1_0_S00_AXI' [c:/Xilinx/Vivado/2018.2/final_merge_v1/final_merge_v1.srcs/sources_1/bd/system/ipshared/5059/hdl/memory_ctrl_merge_v1_0_S00_AXI.v:4]
	Parameter C_S_AXI_DATA_WIDTH bound to: 32 - type: integer 
	Parameter C_S_AXI_ADDR_WIDTH bound to: 4 - type: integer 
	Parameter ADDR_LSB bound to: 2 - type: integer 
	Parameter OPT_MEM_ADDR_BITS bound to: 1 - type: integer 
INFO: [Synth 8-226] default block is never used [c:/Xilinx/Vivado/2018.2/final_merge_v1/final_merge_v1.srcs/sources_1/bd/system/ipshared/5059/hdl/memory_ctrl_merge_v1_0_S00_AXI.v:239]
INFO: [Synth 8-226] default block is never used [c:/Xilinx/Vivado/2018.2/final_merge_v1/final_merge_v1.srcs/sources_1/bd/system/ipshared/5059/hdl/memory_ctrl_merge_v1_0_S00_AXI.v:380]
INFO: [Synth 8-6157] synthesizing module 'memory_ctrl' [c:/Xilinx/Vivado/2018.2/final_merge_v1/final_merge_v1.srcs/sources_1/bd/system/ipshared/5059/src/memory_ctrl.v:3]
INFO: [Synth 8-6157] synthesizing module 'memory' [c:/Xilinx/Vivado/2018.2/final_merge_v1/final_merge_v1.srcs/sources_1/bd/system/ipshared/5059/src/memory.v:2]
INFO: [Synth 8-6155] done synthesizing module 'memory' (1#1) [c:/Xilinx/Vivado/2018.2/final_merge_v1/final_merge_v1.srcs/sources_1/bd/system/ipshared/5059/src/memory.v:2]
INFO: [Synth 8-6155] done synthesizing module 'memory_ctrl' (2#1) [c:/Xilinx/Vivado/2018.2/final_merge_v1/final_merge_v1.srcs/sources_1/bd/system/ipshared/5059/src/memory_ctrl.v:3]
INFO: [Synth 8-6155] done synthesizing module 'memory_ctrl_merge_v1_0_S00_AXI' (3#1) [c:/Xilinx/Vivado/2018.2/final_merge_v1/final_merge_v1.srcs/sources_1/bd/system/ipshared/5059/hdl/memory_ctrl_merge_v1_0_S00_AXI.v:4]
INFO: [Synth 8-6155] done synthesizing module 'memory_ctrl_merge_v1_0' (4#1) [c:/Xilinx/Vivado/2018.2/final_merge_v1/final_merge_v1.srcs/sources_1/bd/system/ipshared/5059/hdl/memory_ctrl_merge_v1_0.v:4]
INFO: [Synth 8-6155] done synthesizing module 'system_memory_ctrl_merge_0_0' (5#1) [c:/Xilinx/Vivado/2018.2/final_merge_v1/final_merge_v1.srcs/sources_1/bd/system/ip/system_memory_ctrl_merge_0_0/synth/system_memory_ctrl_merge_0_0.v:56]
WARNING: [Synth 8-3331] design memory_ctrl has unconnected port cmd[7]
WARNING: [Synth 8-3331] design memory_ctrl has unconnected port cmd[6]
WARNING: [Synth 8-3331] design memory_ctrl has unconnected port cmd[5]
WARNING: [Synth 8-3331] design memory_ctrl has unconnected port cmd[4]
WARNING: [Synth 8-3331] design memory_ctrl has unconnected port cmd[3]
WARNING: [Synth 8-3331] design memory_ctrl has unconnected port cmd[2]
WARNING: [Synth 8-3331] design memory_ctrl has unconnected port n[3]
WARNING: [Synth 8-3331] design memory_ctrl has unconnected port n[2]
WARNING: [Synth 8-3331] design memory_ctrl has unconnected port n[1]
WARNING: [Synth 8-3331] design memory_ctrl has unconnected port n[0]
WARNING: [Synth 8-3331] design memory_ctrl_merge_v1_0_S00_AXI has unconnected port S_AXI_AWPROT[2]
WARNING: [Synth 8-3331] design memory_ctrl_merge_v1_0_S00_AXI has unconnected port S_AXI_AWPROT[1]
WARNING: [Synth 8-3331] design memory_ctrl_merge_v1_0_S00_AXI has unconnected port S_AXI_AWPROT[0]
WARNING: [Synth 8-3331] design memory_ctrl_merge_v1_0_S00_AXI has unconnected port S_AXI_ARPROT[2]
WARNING: [Synth 8-3331] design memory_ctrl_merge_v1_0_S00_AXI has unconnected port S_AXI_ARPROT[1]
WARNING: [Synth 8-3331] design memory_ctrl_merge_v1_0_S00_AXI has unconnected port S_AXI_ARPROT[0]
---------------------------------------------------------------------------------
Finished RTL Elaboration : Time (s): cpu = 00:00:06 ; elapsed = 00:00:07 . Memory (MB): peak = 502.781 ; gain = 150.273
---------------------------------------------------------------------------------

Report Check Netlist: 
+------+------------------+-------+---------+-------+------------------+
|      |Item              |Errors |Warnings |Status |Description       |
+------+------------------+-------+---------+-------+------------------+
|1     |multi_driven_nets |      0|        0|Passed |Multi driven nets |
+------+------------------+-------+---------+-------+------------------+
---------------------------------------------------------------------------------
Start Handling Custom Attributes
---------------------------------------------------------------------------------
---------------------------------------------------------------------------------
Finished Handling Custom Attributes : Time (s): cpu = 00:00:06 ; elapsed = 00:00:08 . Memory (MB): peak = 502.781 ; gain = 150.273
---------------------------------------------------------------------------------
---------------------------------------------------------------------------------
Finished RTL Optimization Phase 1 : Time (s): cpu = 00:00:06 ; elapsed = 00:00:08 . Memory (MB): peak = 502.781 ; gain = 150.273
---------------------------------------------------------------------------------
INFO: [Device 21-403] Loading part xc7z020clg400-1
INFO: [Project 1-570] Preparing netlist for logic optimization

Processing XDC Constraints
Initializing timing engine
Parsing XDC File [c:/Xilinx/Vivado/2018.2/final_merge_v1/final_merge_v1.srcs/sources_1/bd/system/final_v1/xdc/IP_ooc.xdc] for cell 'inst'
WARNING: [Vivado 12-584] No ports matched 'clk'. [c:/Xilinx/Vivado/2018.2/final_merge_v1/final_merge_v1.srcs/sources_1/bd/system/final_v1/xdc/IP_ooc.xdc:1]
CRITICAL WARNING: [Vivado 12-4739] create_clock:No valid object(s) found for '-objects [get_ports clk]'. [c:/Xilinx/Vivado/2018.2/final_merge_v1/final_merge_v1.srcs/sources_1/bd/system/final_v1/xdc/IP_ooc.xdc:1]
Resolution: Check if the specified object(s) exists in the current design. If it does, ensure that the correct design hierarchy was specified for the object. If you are working with clocks, make sure create_clock was used to create the clock object before it is referenced.
Finished Parsing XDC File [c:/Xilinx/Vivado/2018.2/final_merge_v1/final_merge_v1.srcs/sources_1/bd/system/final_v1/xdc/IP_ooc.xdc] for cell 'inst'
Parsing XDC File [C:/Xilinx/Vivado/2018.2/final_merge_v1/final_merge_v1.runs/system_memory_ctrl_merge_0_0_synth_1/dont_touch.xdc]
Finished Parsing XDC File [C:/Xilinx/Vivado/2018.2/final_merge_v1/final_merge_v1.runs/system_memory_ctrl_merge_0_0_synth_1/dont_touch.xdc]
Completed Processing XDC Constraints

INFO: [Project 1-111] Unisim Transformation Summary:
No Unisim elements were transformed.

Constraint Validation Runtime : Time (s): cpu = 00:00:00 ; elapsed = 00:00:00.491 . Memory (MB): peak = 864.230 ; gain = 0.000
---------------------------------------------------------------------------------
Finished Constraint Validation : Time (s): cpu = 00:00:23 ; elapsed = 00:00:30 . Memory (MB): peak = 864.230 ; gain = 511.723
---------------------------------------------------------------------------------
---------------------------------------------------------------------------------
Start Loading Part and Timing Information
---------------------------------------------------------------------------------
Loading part: xc7z020clg400-1
---------------------------------------------------------------------------------
Finished Loading Part and Timing Information : Time (s): cpu = 00:00:23 ; elapsed = 00:00:30 . Memory (MB): peak = 864.230 ; gain = 511.723
---------------------------------------------------------------------------------
---------------------------------------------------------------------------------
Start Applying 'set_property' XDC Constraints
---------------------------------------------------------------------------------
Applied set_property DONT_TOUCH = true for inst. (constraint file  C:/Xilinx/Vivado/2018.2/final_merge_v1/final_merge_v1.runs/system_memory_ctrl_merge_0_0_synth_1/dont_touch.xdc, line 9).
---------------------------------------------------------------------------------
Finished applying 'set_property' XDC Constraints : Time (s): cpu = 00:00:23 ; elapsed = 00:00:30 . Memory (MB): peak = 864.230 ; gain = 511.723
---------------------------------------------------------------------------------
INFO: [Synth 8-5546] ROM "mem_reg[41]" won't be mapped to RAM because it is too sparse
INFO: [Synth 8-5546] ROM "mem_reg[41]" won't be mapped to RAM because it is too sparse
INFO: [Synth 8-5546] ROM "mem_reg[40]" won't be mapped to RAM because it is too sparse
INFO: [Synth 8-5546] ROM "mem_reg[40]" won't be mapped to RAM because it is too sparse
INFO: [Synth 8-5546] ROM "mem_reg[39]" won't be mapped to RAM because it is too sparse
INFO: [Synth 8-5546] ROM "mem_reg[39]" won't be mapped to RAM because it is too sparse
INFO: [Synth 8-5546] ROM "mem_reg[38]" won't be mapped to RAM because it is too sparse
INFO: [Synth 8-5546] ROM "mem_reg[38]" won't be mapped to RAM because it is too sparse
INFO: [Synth 8-5546] ROM "mem_reg[37]" won't be mapped to RAM because it is too sparse
INFO: [Synth 8-5546] ROM "mem_reg[37]" won't be mapped to RAM because it is too sparse
INFO: [Synth 8-5546] ROM "mem_reg[36]" won't be mapped to RAM because it is too sparse
INFO: [Synth 8-5546] ROM "mem_reg[36]" won't be mapped to RAM because it is too sparse
INFO: [Synth 8-5546] ROM "mem_reg[35]" won't be mapped to RAM because it is too sparse
INFO: [Synth 8-5546] ROM "mem_reg[35]" won't be mapped to RAM because it is too sparse
INFO: [Synth 8-5546] ROM "mem_reg[34]" won't be mapped to RAM because it is too sparse
INFO: [Synth 8-5546] ROM "mem_reg[34]" won't be mapped to RAM because it is too sparse
INFO: [Synth 8-5546] ROM "mem_reg[33]" won't be mapped to RAM because it is too sparse
INFO: [Synth 8-5546] ROM "mem_reg[33]" won't be mapped to RAM because it is too sparse
INFO: [Synth 8-5546] ROM "mem_reg[32]" won't be mapped to RAM because it is too sparse
INFO: [Synth 8-5546] ROM "mem_reg[32]" won't be mapped to RAM because it is too sparse
INFO: [Synth 8-5546] ROM "mem_reg[31]" won't be mapped to RAM because it is too sparse
INFO: [Synth 8-5546] ROM "mem_reg[31]" won't be mapped to RAM because it is too sparse
INFO: [Synth 8-5546] ROM "mem_reg[30]" won't be mapped to RAM because it is too sparse
INFO: [Synth 8-5546] ROM "mem_reg[30]" won't be mapped to RAM because it is too sparse
INFO: [Synth 8-5546] ROM "mem_reg[29]" won't be mapped to RAM because it is too sparse
INFO: [Synth 8-5546] ROM "mem_reg[29]" won't be mapped to RAM because it is too sparse
INFO: [Synth 8-5546] ROM "mem_reg[28]" won't be mapped to RAM because it is too sparse
INFO: [Synth 8-5546] ROM "mem_reg[28]" won't be mapped to RAM because it is too sparse
INFO: [Synth 8-5546] ROM "mem_reg[27]" won't be mapped to RAM because it is too sparse
INFO: [Synth 8-5546] ROM "mem_reg[27]" won't be mapped to RAM because it is too sparse
INFO: [Synth 8-5546] ROM "mem_reg[26]" won't be mapped to RAM because it is too sparse
INFO: [Synth 8-5546] ROM "mem_reg[26]" won't be mapped to RAM because it is too sparse
INFO: [Synth 8-5546] ROM "mem_reg[25]" won't be mapped to RAM because it is too sparse
INFO: [Synth 8-5546] ROM "mem_reg[25]" won't be mapped to RAM because it is too sparse
INFO: [Synth 8-5546] ROM "mem_reg[24]" won't be mapped to RAM because it is too sparse
INFO: [Synth 8-5546] ROM "mem_reg[24]" won't be mapped to RAM because it is too sparse
INFO: [Synth 8-5546] ROM "mem_reg[23]" won't be mapped to RAM because it is too sparse
INFO: [Synth 8-5546] ROM "mem_reg[23]" won't be mapped to RAM because it is too sparse
INFO: [Synth 8-5546] ROM "mem_reg[22]" won't be mapped to RAM because it is too sparse
INFO: [Synth 8-5546] ROM "mem_reg[22]" won't be mapped to RAM because it is too sparse
INFO: [Synth 8-5546] ROM "mem_reg[21]" won't be mapped to RAM because it is too sparse
INFO: [Synth 8-5546] ROM "mem_reg[21]" won't be mapped to RAM because it is too sparse
INFO: [Synth 8-5546] ROM "mem_reg[20]" won't be mapped to RAM because it is too sparse
INFO: [Synth 8-5546] ROM "mem_reg[20]" won't be mapped to RAM because it is too sparse
INFO: [Synth 8-5546] ROM "mem_reg[19]" won't be mapped to RAM because it is too sparse
INFO: [Synth 8-5546] ROM "mem_reg[19]" won't be mapped to RAM because it is too sparse
INFO: [Synth 8-5546] ROM "mem_reg[18]" won't be mapped to RAM because it is too sparse
INFO: [Synth 8-5546] ROM "mem_reg[18]" won't be mapped to RAM because it is too sparse
INFO: [Synth 8-5546] ROM "mem_reg[17]" won't be mapped to RAM because it is too sparse
INFO: [Synth 8-5546] ROM "mem_reg[17]" won't be mapped to RAM because it is too sparse
INFO: [Synth 8-5546] ROM "mem_reg[16]" won't be mapped to RAM because it is too sparse
INFO: [Synth 8-5546] ROM "mem_reg[16]" won't be mapped to RAM because it is too sparse
INFO: [Synth 8-5546] ROM "mem_reg[15]" won't be mapped to RAM because it is too sparse
INFO: [Synth 8-5546] ROM "mem_reg[15]" won't be mapped to RAM because it is too sparse
INFO: [Synth 8-5546] ROM "mem_reg[14]" won't be mapped to RAM because it is too sparse
INFO: [Synth 8-5546] ROM "mem_reg[14]" won't be mapped to RAM because it is too sparse
INFO: [Synth 8-5546] ROM "mem_reg[13]" won't be mapped to RAM because it is too sparse
INFO: [Synth 8-5546] ROM "mem_reg[13]" won't be mapped to RAM because it is too sparse
INFO: [Synth 8-5546] ROM "mem_reg[12]" won't be mapped to RAM because it is too sparse
INFO: [Synth 8-5546] ROM "mem_reg[12]" won't be mapped to RAM because it is too sparse
INFO: [Synth 8-5546] ROM "mem_reg[11]" won't be mapped to RAM because it is too sparse
INFO: [Synth 8-5546] ROM "mem_reg[11]" won't be mapped to RAM because it is too sparse
INFO: [Synth 8-5546] ROM "mem_reg[10]" won't be mapped to RAM because it is too sparse
INFO: [Synth 8-5546] ROM "mem_reg[10]" won't be mapped to RAM because it is too sparse
INFO: [Synth 8-5546] ROM "mem_reg[9]" won't be mapped to RAM because it is too sparse
INFO: [Synth 8-5546] ROM "mem_reg[9]" won't be mapped to RAM because it is too sparse
INFO: [Synth 8-5546] ROM "mem_reg[8]" won't be mapped to RAM because it is too sparse
INFO: [Synth 8-5546] ROM "mem_reg[8]" won't be mapped to RAM because it is too sparse
INFO: [Synth 8-5546] ROM "mem_reg[7]" won't be mapped to RAM because it is too sparse
INFO: [Synth 8-5546] ROM "mem_reg[7]" won't be mapped to RAM because it is too sparse
INFO: [Synth 8-5546] ROM "mem_reg[6]" won't be mapped to RAM because it is too sparse
INFO: [Synth 8-5546] ROM "mem_reg[6]" won't be mapped to RAM because it is too sparse
INFO: [Synth 8-5546] ROM "mem_reg[5]" won't be mapped to RAM because it is too sparse
INFO: [Synth 8-5546] ROM "mem_reg[5]" won't be mapped to RAM because it is too sparse
INFO: [Synth 8-5546] ROM "mem_reg[4]" won't be mapped to RAM because it is too sparse
INFO: [Synth 8-5546] ROM "mem_reg[4]" won't be mapped to RAM because it is too sparse
INFO: [Synth 8-5546] ROM "mem_reg[3]" won't be mapped to RAM because it is too sparse
INFO: [Synth 8-5546] ROM "mem_reg[3]" won't be mapped to RAM because it is too sparse
INFO: [Synth 8-5546] ROM "mem_reg[2]" won't be mapped to RAM because it is too sparse
INFO: [Synth 8-5546] ROM "mem_reg[2]" won't be mapped to RAM because it is too sparse
INFO: [Synth 8-5546] ROM "mem_reg[1]" won't be mapped to RAM because it is too sparse
INFO: [Synth 8-5546] ROM "mem_reg[1]" won't be mapped to RAM because it is too sparse
INFO: [Synth 8-5546] ROM "mem_reg[0]" won't be mapped to RAM because it is too sparse
INFO: [Synth 8-5546] ROM "mem_reg[0]" won't be mapped to RAM because it is too sparse
INFO: [Synth 8-5544] ROM "write_enable" won't be mapped to Block RAM because address size (2) smaller than threshold (5)
---------------------------------------------------------------------------------
Finished RTL Optimization Phase 2 : Time (s): cpu = 00:00:24 ; elapsed = 00:00:31 . Memory (MB): peak = 864.230 ; gain = 511.723
---------------------------------------------------------------------------------

Report RTL Partitions: 
+-+--------------+------------+----------+
| |RTL Partition |Replication |Instances |
+-+--------------+------------+----------+
+-+--------------+------------+----------+
---------------------------------------------------------------------------------
Start RTL Component Statistics 
---------------------------------------------------------------------------------
Detailed RTL Component Info : 
+---Adders : 
	   2 Input      2 Bit       Adders := 1     
+---Registers : 
	               32 Bit    Registers := 5     
	               16 Bit    Registers := 43    
	                4 Bit    Registers := 2     
	                2 Bit    Registers := 4     
	                1 Bit    Registers := 8     
+---Muxes : 
	   4 Input     32 Bit        Muxes := 5     
	   2 Input     32 Bit        Muxes := 4     
	   2 Input     16 Bit        Muxes := 3     
	   2 Input      2 Bit        Muxes := 1     
	   4 Input      2 Bit        Muxes := 1     
	   2 Input      1 Bit        Muxes := 49    
	   3 Input      1 Bit        Muxes := 42    
---------------------------------------------------------------------------------
Finished RTL Component Statistics 
---------------------------------------------------------------------------------
---------------------------------------------------------------------------------
Start RTL Hierarchical Component Statistics 
---------------------------------------------------------------------------------
Hierarchical RTL Component report 
Module memory 
Detailed RTL Component Info : 
+---Registers : 
	               16 Bit    Registers := 43    
+---Muxes : 
	   2 Input     16 Bit        Muxes := 2     
	   2 Input      1 Bit        Muxes := 43    
	   3 Input      1 Bit        Muxes := 42    
Module memory_ctrl 
Detailed RTL Component Info : 
+---Adders : 
	   2 Input      2 Bit       Adders := 1     
+---Registers : 
	                2 Bit    Registers := 2     
	                1 Bit    Registers := 2     
+---Muxes : 
	   2 Input     16 Bit        Muxes := 1     
	   2 Input      2 Bit        Muxes := 1     
	   4 Input      2 Bit        Muxes := 1     
	   2 Input      1 Bit        Muxes := 1     
Module memory_ctrl_merge_v1_0_S00_AXI 
Detailed RTL Component Info : 
+---Registers : 
	               32 Bit    Registers := 5     
	                4 Bit    Registers := 2     
	                2 Bit    Registers := 2     
	                1 Bit    Registers := 6     
+---Muxes : 
	   4 Input     32 Bit        Muxes := 5     
	   2 Input     32 Bit        Muxes := 4     
	   2 Input      1 Bit        Muxes := 5     
---------------------------------------------------------------------------------
Finished RTL Hierarchical Component Statistics
---------------------------------------------------------------------------------
---------------------------------------------------------------------------------
Start Part Resource Summary
---------------------------------------------------------------------------------
Part Resources:
DSPs: 220 (col length:60)
BRAMs: 280 (col length: RAMB18 60 RAMB36 30)
---------------------------------------------------------------------------------
Finished Part Resource Summary
---------------------------------------------------------------------------------
---------------------------------------------------------------------------------
Start Cross Boundary and Area Optimization
---------------------------------------------------------------------------------
Warning: Parallel synthesis criteria is not met 
WARNING: [Synth 8-3331] design memory_ctrl has unconnected port cmd[7]
WARNING: [Synth 8-3331] design memory_ctrl has unconnected port cmd[6]
WARNING: [Synth 8-3331] design memory_ctrl has unconnected port cmd[5]
WARNING: [Synth 8-3331] design memory_ctrl has unconnected port cmd[4]
WARNING: [Synth 8-3331] design memory_ctrl has unconnected port cmd[3]
WARNING: [Synth 8-3331] design memory_ctrl has unconnected port cmd[2]
WARNING: [Synth 8-3331] design memory_ctrl has unconnected port n[3]
WARNING: [Synth 8-3331] design memory_ctrl has unconnected port n[2]
WARNING: [Synth 8-3331] design memory_ctrl has unconnected port n[1]
WARNING: [Synth 8-3331] design memory_ctrl has unconnected port n[0]
WARNING: [Synth 8-3331] design memory_ctrl_merge_v1_0_S00_AXI has unconnected port S_AXI_AWPROT[2]
WARNING: [Synth 8-3331] design memory_ctrl_merge_v1_0_S00_AXI has unconnected port S_AXI_AWPROT[1]
WARNING: [Synth 8-3331] design memory_ctrl_merge_v1_0_S00_AXI has unconnected port S_AXI_AWPROT[0]
WARNING: [Synth 8-3331] design memory_ctrl_merge_v1_0_S00_AXI has unconnected port S_AXI_ARPROT[2]
WARNING: [Synth 8-3331] design memory_ctrl_merge_v1_0_S00_AXI has unconnected port S_AXI_ARPROT[1]
WARNING: [Synth 8-3331] design memory_ctrl_merge_v1_0_S00_AXI has unconnected port S_AXI_ARPROT[0]
INFO: [Synth 8-3886] merging instance 'inst/memory_ctrl_merge_v1_0_S00_AXI_inst/axi_rresp_reg[0]' (FDRE) to 'inst/memory_ctrl_merge_v1_0_S00_AXI_inst/axi_rresp_reg[1]'
INFO: [Synth 8-3333] propagating constant 0 across sequential element (inst/\memory_ctrl_merge_v1_0_S00_AXI_inst/axi_rresp_reg[1] )
INFO: [Synth 8-3886] merging instance 'inst/memory_ctrl_merge_v1_0_S00_AXI_inst/axi_bresp_reg[0]' (FDRE) to 'inst/memory_ctrl_merge_v1_0_S00_AXI_inst/axi_bresp_reg[1]'
INFO: [Synth 8-3333] propagating constant 0 across sequential element (inst/\memory_ctrl_merge_v1_0_S00_AXI_inst/axi_bresp_reg[1] )
WARNING: [Synth 8-3332] Sequential element (memory_ctrl_merge_v1_0_S00_AXI_inst/axi_bresp_reg[1]) is unused and will be removed from module memory_ctrl_merge_v1_0.
WARNING: [Synth 8-3332] Sequential element (memory_ctrl_merge_v1_0_S00_AXI_inst/axi_araddr_reg[1]) is unused and will be removed from module memory_ctrl_merge_v1_0.
WARNING: [Synth 8-3332] Sequential element (memory_ctrl_merge_v1_0_S00_AXI_inst/axi_araddr_reg[0]) is unused and will be removed from module memory_ctrl_merge_v1_0.
WARNING: [Synth 8-3332] Sequential element (memory_ctrl_merge_v1_0_S00_AXI_inst/axi_rresp_reg[1]) is unused and will be removed from module memory_ctrl_merge_v1_0.
WARNING: [Synth 8-3332] Sequential element (memory_ctrl_merge_v1_0_S00_AXI_inst/axi_awaddr_reg[1]) is unused and will be removed from module memory_ctrl_merge_v1_0.
WARNING: [Synth 8-3332] Sequential element (memory_ctrl_merge_v1_0_S00_AXI_inst/axi_awaddr_reg[0]) is unused and will be removed from module memory_ctrl_merge_v1_0.
WARNING: [Synth 8-3332] Sequential element (memory_ctrl_merge_v1_0_S00_AXI_inst/slv_reg0_reg[31]) is unused and will be removed from module memory_ctrl_merge_v1_0.
WARNING: [Synth 8-3332] Sequential element (memory_ctrl_merge_v1_0_S00_AXI_inst/slv_reg0_reg[30]) is unused and will be removed from module memory_ctrl_merge_v1_0.
WARNING: [Synth 8-3332] Sequential element (memory_ctrl_merge_v1_0_S00_AXI_inst/slv_reg0_reg[29]) is unused and will be removed from module memory_ctrl_merge_v1_0.
WARNING: [Synth 8-3332] Sequential element (memory_ctrl_merge_v1_0_S00_AXI_inst/slv_reg0_reg[28]) is unused and will be removed from module memory_ctrl_merge_v1_0.
WARNING: [Synth 8-3332] Sequential element (memory_ctrl_merge_v1_0_S00_AXI_inst/slv_reg0_reg[27]) is unused and will be removed from module memory_ctrl_merge_v1_0.
WARNING: [Synth 8-3332] Sequential element (memory_ctrl_merge_v1_0_S00_AXI_inst/slv_reg0_reg[26]) is unused and will be removed from module memory_ctrl_merge_v1_0.
WARNING: [Synth 8-3332] Sequential element (memory_ctrl_merge_v1_0_S00_AXI_inst/slv_reg0_reg[25]) is unused and will be removed from module memory_ctrl_merge_v1_0.
WARNING: [Synth 8-3332] Sequential element (memory_ctrl_merge_v1_0_S00_AXI_inst/slv_reg0_reg[24]) is unused and will be removed from module memory_ctrl_merge_v1_0.
WARNING: [Synth 8-3332] Sequential element (memory_ctrl_merge_v1_0_S00_AXI_inst/slv_reg0_reg[23]) is unused and will be removed from module memory_ctrl_merge_v1_0.
WARNING: [Synth 8-3332] Sequential element (memory_ctrl_merge_v1_0_S00_AXI_inst/slv_reg0_reg[22]) is unused and will be removed from module memory_ctrl_merge_v1_0.
WARNING: [Synth 8-3332] Sequential element (memory_ctrl_merge_v1_0_S00_AXI_inst/slv_reg0_reg[21]) is unused and will be removed from module memory_ctrl_merge_v1_0.
WARNING: [Synth 8-3332] Sequential element (memory_ctrl_merge_v1_0_S00_AXI_inst/slv_reg0_reg[20]) is unused and will be removed from module memory_ctrl_merge_v1_0.
WARNING: [Synth 8-3332] Sequential element (memory_ctrl_merge_v1_0_S00_AXI_inst/slv_reg0_reg[19]) is unused and will be removed from module memory_ctrl_merge_v1_0.
WARNING: [Synth 8-3332] Sequential element (memory_ctrl_merge_v1_0_S00_AXI_inst/slv_reg0_reg[18]) is unused and will be removed from module memory_ctrl_merge_v1_0.
WARNING: [Synth 8-3332] Sequential element (memory_ctrl_merge_v1_0_S00_AXI_inst/slv_reg0_reg[17]) is unused and will be removed from module memory_ctrl_merge_v1_0.
WARNING: [Synth 8-3332] Sequential element (memory_ctrl_merge_v1_0_S00_AXI_inst/slv_reg0_reg[16]) is unused and will be removed from module memory_ctrl_merge_v1_0.
WARNING: [Synth 8-3332] Sequential element (memory_ctrl_merge_v1_0_S00_AXI_inst/slv_reg0_reg[15]) is unused and will be removed from module memory_ctrl_merge_v1_0.
WARNING: [Synth 8-3332] Sequential element (memory_ctrl_merge_v1_0_S00_AXI_inst/slv_reg0_reg[14]) is unused and will be removed from module memory_ctrl_merge_v1_0.
WARNING: [Synth 8-3332] Sequential element (memory_ctrl_merge_v1_0_S00_AXI_inst/slv_reg0_reg[13]) is unused and will be removed from module memory_ctrl_merge_v1_0.
WARNING: [Synth 8-3332] Sequential element (memory_ctrl_merge_v1_0_S00_AXI_inst/slv_reg0_reg[12]) is unused and will be removed from module memory_ctrl_merge_v1_0.
WARNING: [Synth 8-3332] Sequential element (memory_ctrl_merge_v1_0_S00_AXI_inst/slv_reg0_reg[11]) is unused and will be removed from module memory_ctrl_merge_v1_0.
WARNING: [Synth 8-3332] Sequential element (memory_ctrl_merge_v1_0_S00_AXI_inst/slv_reg0_reg[10]) is unused and will be removed from module memory_ctrl_merge_v1_0.
WARNING: [Synth 8-3332] Sequential element (memory_ctrl_merge_v1_0_S00_AXI_inst/slv_reg0_reg[9]) is unused and will be removed from module memory_ctrl_merge_v1_0.
WARNING: [Synth 8-3332] Sequential element (memory_ctrl_merge_v1_0_S00_AXI_inst/slv_reg0_reg[8]) is unused and will be removed from module memory_ctrl_merge_v1_0.
WARNING: [Synth 8-3332] Sequential element (memory_ctrl_merge_v1_0_S00_AXI_inst/slv_reg0_reg[7]) is unused and will be removed from module memory_ctrl_merge_v1_0.
WARNING: [Synth 8-3332] Sequential element (memory_ctrl_merge_v1_0_S00_AXI_inst/slv_reg0_reg[6]) is unused and will be removed from module memory_ctrl_merge_v1_0.
WARNING: [Synth 8-3332] Sequential element (memory_ctrl_merge_v1_0_S00_AXI_inst/slv_reg0_reg[5]) is unused and will be removed from module memory_ctrl_merge_v1_0.
WARNING: [Synth 8-3332] Sequential element (memory_ctrl_merge_v1_0_S00_AXI_inst/slv_reg0_reg[4]) is unused and will be removed from module memory_ctrl_merge_v1_0.
WARNING: [Synth 8-3332] Sequential element (memory_ctrl_merge_v1_0_S00_AXI_inst/slv_reg0_reg[3]) is unused and will be removed from module memory_ctrl_merge_v1_0.
WARNING: [Synth 8-3332] Sequential element (memory_ctrl_merge_v1_0_S00_AXI_inst/slv_reg0_reg[2]) is unused and will be removed from module memory_ctrl_merge_v1_0.
WARNING: [Synth 8-3332] Sequential element (memory_ctrl_merge_v1_0_S00_AXI_inst/slv_reg0_reg[1]) is unused and will be removed from module memory_ctrl_merge_v1_0.
WARNING: [Synth 8-3332] Sequential element (memory_ctrl_merge_v1_0_S00_AXI_inst/slv_reg1_reg[31]) is unused and will be removed from module memory_ctrl_merge_v1_0.
WARNING: [Synth 8-3332] Sequential element (memory_ctrl_merge_v1_0_S00_AXI_inst/slv_reg1_reg[30]) is unused and will be removed from module memory_ctrl_merge_v1_0.
WARNING: [Synth 8-3332] Sequential element (memory_ctrl_merge_v1_0_S00_AXI_inst/slv_reg1_reg[29]) is unused and will be removed from module memory_ctrl_merge_v1_0.
WARNING: [Synth 8-3332] Sequential element (memory_ctrl_merge_v1_0_S00_AXI_inst/slv_reg1_reg[28]) is unused and will be removed from module memory_ctrl_merge_v1_0.
WARNING: [Synth 8-3332] Sequential element (memory_ctrl_merge_v1_0_S00_AXI_inst/slv_reg1_reg[27]) is unused and will be removed from module memory_ctrl_merge_v1_0.
WARNING: [Synth 8-3332] Sequential element (memory_ctrl_merge_v1_0_S00_AXI_inst/slv_reg1_reg[26]) is unused and will be removed from module memory_ctrl_merge_v1_0.
WARNING: [Synth 8-3332] Sequential element (memory_ctrl_merge_v1_0_S00_AXI_inst/slv_reg1_reg[25]) is unused and will be removed from module memory_ctrl_merge_v1_0.
WARNING: [Synth 8-3332] Sequential element (memory_ctrl_merge_v1_0_S00_AXI_inst/slv_reg1_reg[24]) is unused and will be removed from module memory_ctrl_merge_v1_0.
WARNING: [Synth 8-3332] Sequential element (memory_ctrl_merge_v1_0_S00_AXI_inst/slv_reg1_reg[23]) is unused and will be removed from module memory_ctrl_merge_v1_0.
WARNING: [Synth 8-3332] Sequential element (memory_ctrl_merge_v1_0_S00_AXI_inst/slv_reg1_reg[22]) is unused and will be removed from module memory_ctrl_merge_v1_0.
WARNING: [Synth 8-3332] Sequential element (memory_ctrl_merge_v1_0_S00_AXI_inst/slv_reg1_reg[21]) is unused and will be removed from module memory_ctrl_merge_v1_0.
WARNING: [Synth 8-3332] Sequential element (memory_ctrl_merge_v1_0_S00_AXI_inst/slv_reg1_reg[20]) is unused and will be removed from module memory_ctrl_merge_v1_0.
WARNING: [Synth 8-3332] Sequential element (memory_ctrl_merge_v1_0_S00_AXI_inst/slv_reg1_reg[19]) is unused and will be removed from module memory_ctrl_merge_v1_0.
WARNING: [Synth 8-3332] Sequential element (memory_ctrl_merge_v1_0_S00_AXI_inst/slv_reg1_reg[18]) is unused and will be removed from module memory_ctrl_merge_v1_0.
WARNING: [Synth 8-3332] Sequential element (memory_ctrl_merge_v1_0_S00_AXI_inst/slv_reg1_reg[17]) is unused and will be removed from module memory_ctrl_merge_v1_0.
WARNING: [Synth 8-3332] Sequential element (memory_ctrl_merge_v1_0_S00_AXI_inst/slv_reg1_reg[16]) is unused and will be removed from module memory_ctrl_merge_v1_0.
WARNING: [Synth 8-3332] Sequential element (memory_ctrl_merge_v1_0_S00_AXI_inst/slv_reg1_reg[15]) is unused and will be removed from module memory_ctrl_merge_v1_0.
WARNING: [Synth 8-3332] Sequential element (memory_ctrl_merge_v1_0_S00_AXI_inst/slv_reg1_reg[14]) is unused and will be removed from module memory_ctrl_merge_v1_0.
WARNING: [Synth 8-3332] Sequential element (memory_ctrl_merge_v1_0_S00_AXI_inst/slv_reg1_reg[13]) is unused and will be removed from module memory_ctrl_merge_v1_0.
WARNING: [Synth 8-3332] Sequential element (memory_ctrl_merge_v1_0_S00_AXI_inst/slv_reg1_reg[12]) is unused and will be removed from module memory_ctrl_merge_v1_0.
WARNING: [Synth 8-3332] Sequential element (memory_ctrl_merge_v1_0_S00_AXI_inst/slv_reg1_reg[11]) is unused and will be removed from module memory_ctrl_merge_v1_0.
WARNING: [Synth 8-3332] Sequential element (memory_ctrl_merge_v1_0_S00_AXI_inst/slv_reg1_reg[10]) is unused and will be removed from module memory_ctrl_merge_v1_0.
WARNING: [Synth 8-3332] Sequential element (memory_ctrl_merge_v1_0_S00_AXI_inst/slv_reg1_reg[9]) is unused and will be removed from module memory_ctrl_merge_v1_0.
WARNING: [Synth 8-3332] Sequential element (memory_ctrl_merge_v1_0_S00_AXI_inst/slv_reg1_reg[8]) is unused and will be removed from module memory_ctrl_merge_v1_0.
WARNING: [Synth 8-3332] Sequential element (memory_ctrl_merge_v1_0_S00_AXI_inst/slv_reg1_reg[7]) is unused and will be removed from module memory_ctrl_merge_v1_0.
WARNING: [Synth 8-3332] Sequential element (memory_ctrl_merge_v1_0_S00_AXI_inst/slv_reg1_reg[6]) is unused and will be removed from module memory_ctrl_merge_v1_0.
WARNING: [Synth 8-3332] Sequential element (memory_ctrl_merge_v1_0_S00_AXI_inst/slv_reg1_reg[5]) is unused and will be removed from module memory_ctrl_merge_v1_0.
WARNING: [Synth 8-3332] Sequential element (memory_ctrl_merge_v1_0_S00_AXI_inst/slv_reg1_reg[4]) is unused and will be removed from module memory_ctrl_merge_v1_0.
WARNING: [Synth 8-3332] Sequential element (memory_ctrl_merge_v1_0_S00_AXI_inst/slv_reg1_reg[3]) is unused and will be removed from module memory_ctrl_merge_v1_0.
WARNING: [Synth 8-3332] Sequential element (memory_ctrl_merge_v1_0_S00_AXI_inst/slv_reg1_reg[2]) is unused and will be removed from module memory_ctrl_merge_v1_0.
WARNING: [Synth 8-3332] Sequential element (memory_ctrl_merge_v1_0_S00_AXI_inst/slv_reg2_reg[31]) is unused and will be removed from module memory_ctrl_merge_v1_0.
WARNING: [Synth 8-3332] Sequential element (memory_ctrl_merge_v1_0_S00_AXI_inst/slv_reg2_reg[30]) is unused and will be removed from module memory_ctrl_merge_v1_0.
WARNING: [Synth 8-3332] Sequential element (memory_ctrl_merge_v1_0_S00_AXI_inst/slv_reg2_reg[29]) is unused and will be removed from module memory_ctrl_merge_v1_0.
WARNING: [Synth 8-3332] Sequential element (memory_ctrl_merge_v1_0_S00_AXI_inst/slv_reg2_reg[28]) is unused and will be removed from module memory_ctrl_merge_v1_0.
WARNING: [Synth 8-3332] Sequential element (memory_ctrl_merge_v1_0_S00_AXI_inst/slv_reg2_reg[27]) is unused and will be removed from module memory_ctrl_merge_v1_0.
WARNING: [Synth 8-3332] Sequential element (memory_ctrl_merge_v1_0_S00_AXI_inst/slv_reg2_reg[26]) is unused and will be removed from module memory_ctrl_merge_v1_0.
WARNING: [Synth 8-3332] Sequential element (memory_ctrl_merge_v1_0_S00_AXI_inst/slv_reg2_reg[25]) is unused and will be removed from module memory_ctrl_merge_v1_0.
WARNING: [Synth 8-3332] Sequential element (memory_ctrl_merge_v1_0_S00_AXI_inst/slv_reg2_reg[24]) is unused and will be removed from module memory_ctrl_merge_v1_0.
WARNING: [Synth 8-3332] Sequential element (memory_ctrl_merge_v1_0_S00_AXI_inst/slv_reg2_reg[23]) is unused and will be removed from module memory_ctrl_merge_v1_0.
WARNING: [Synth 8-3332] Sequential element (memory_ctrl_merge_v1_0_S00_AXI_inst/slv_reg2_reg[22]) is unused and will be removed from module memory_ctrl_merge_v1_0.
WARNING: [Synth 8-3332] Sequential element (memory_ctrl_merge_v1_0_S00_AXI_inst/slv_reg2_reg[21]) is unused and will be removed from module memory_ctrl_merge_v1_0.
WARNING: [Synth 8-3332] Sequential element (memory_ctrl_merge_v1_0_S00_AXI_inst/slv_reg2_reg[20]) is unused and will be removed from module memory_ctrl_merge_v1_0.
WARNING: [Synth 8-3332] Sequential element (memory_ctrl_merge_v1_0_S00_AXI_inst/slv_reg2_reg[19]) is unused and will be removed from module memory_ctrl_merge_v1_0.
WARNING: [Synth 8-3332] Sequential element (memory_ctrl_merge_v1_0_S00_AXI_inst/slv_reg2_reg[18]) is unused and will be removed from module memory_ctrl_merge_v1_0.
WARNING: [Synth 8-3332] Sequential element (memory_ctrl_merge_v1_0_S00_AXI_inst/slv_reg2_reg[17]) is unused and will be removed from module memory_ctrl_merge_v1_0.
WARNING: [Synth 8-3332] Sequential element (memory_ctrl_merge_v1_0_S00_AXI_inst/slv_reg2_reg[16]) is unused and will be removed from module memory_ctrl_merge_v1_0.
WARNING: [Synth 8-3332] Sequential element (memory_ctrl_merge_v1_0_S00_AXI_inst/slv_reg3_reg[31]) is unused and will be removed from module memory_ctrl_merge_v1_0.
WARNING: [Synth 8-3332] Sequential element (memory_ctrl_merge_v1_0_S00_AXI_inst/slv_reg3_reg[30]) is unused and will be removed from module memory_ctrl_merge_v1_0.
WARNING: [Synth 8-3332] Sequential element (memory_ctrl_merge_v1_0_S00_AXI_inst/slv_reg3_reg[29]) is unused and will be removed from module memory_ctrl_merge_v1_0.
WARNING: [Synth 8-3332] Sequential element (memory_ctrl_merge_v1_0_S00_AXI_inst/slv_reg3_reg[28]) is unused and will be removed from module memory_ctrl_merge_v1_0.
WARNING: [Synth 8-3332] Sequential element (memory_ctrl_merge_v1_0_S00_AXI_inst/slv_reg3_reg[27]) is unused and will be removed from module memory_ctrl_merge_v1_0.
WARNING: [Synth 8-3332] Sequential element (memory_ctrl_merge_v1_0_S00_AXI_inst/slv_reg3_reg[26]) is unused and will be removed from module memory_ctrl_merge_v1_0.
WARNING: [Synth 8-3332] Sequential element (memory_ctrl_merge_v1_0_S00_AXI_inst/slv_reg3_reg[25]) is unused and will be removed from module memory_ctrl_merge_v1_0.
WARNING: [Synth 8-3332] Sequential element (memory_ctrl_merge_v1_0_S00_AXI_inst/slv_reg3_reg[24]) is unused and will be removed from module memory_ctrl_merge_v1_0.
WARNING: [Synth 8-3332] Sequential element (memory_ctrl_merge_v1_0_S00_AXI_inst/slv_reg3_reg[23]) is unused and will be removed from module memory_ctrl_merge_v1_0.
WARNING: [Synth 8-3332] Sequential element (memory_ctrl_merge_v1_0_S00_AXI_inst/slv_reg3_reg[22]) is unused and will be removed from module memory_ctrl_merge_v1_0.
WARNING: [Synth 8-3332] Sequential element (memory_ctrl_merge_v1_0_S00_AXI_inst/slv_reg3_reg[21]) is unused and will be removed from module memory_ctrl_merge_v1_0.
WARNING: [Synth 8-3332] Sequential element (memory_ctrl_merge_v1_0_S00_AXI_inst/slv_reg3_reg[20]) is unused and will be removed from module memory_ctrl_merge_v1_0.
WARNING: [Synth 8-3332] Sequential element (memory_ctrl_merge_v1_0_S00_AXI_inst/slv_reg3_reg[19]) is unused and will be removed from module memory_ctrl_merge_v1_0.
WARNING: [Synth 8-3332] Sequential element (memory_ctrl_merge_v1_0_S00_AXI_inst/slv_reg3_reg[18]) is unused and will be removed from module memory_ctrl_merge_v1_0.
WARNING: [Synth 8-3332] Sequential element (memory_ctrl_merge_v1_0_S00_AXI_inst/slv_reg3_reg[17]) is unused and will be removed from module memory_ctrl_merge_v1_0.
WARNING: [Synth 8-3332] Sequential element (memory_ctrl_merge_v1_0_S00_AXI_inst/slv_reg3_reg[16]) is unused and will be removed from module memory_ctrl_merge_v1_0.
WARNING: [Synth 8-3332] Sequential element (memory_ctrl_merge_v1_0_S00_AXI_inst/slv_reg3_reg[15]) is unused and will be removed from module memory_ctrl_merge_v1_0.
INFO: [Common 17-14] Message 'Synth 8-3332' appears 100 times and further instances of the messages will be disabled. Use the Tcl command set_msg_config to change the current settings.
---------------------------------------------------------------------------------
Finished Cross Boundary and Area Optimization : Time (s): cpu = 00:00:29 ; elapsed = 00:00:36 . Memory (MB): peak = 864.230 ; gain = 511.723
---------------------------------------------------------------------------------

Report RTL Partitions: 
+-+--------------+------------+----------+
| |RTL Partition |Replication |Instances |
+-+--------------+------------+----------+
+-+--------------+------------+----------+
---------------------------------------------------------------------------------
Start Applying XDC Timing Constraints
---------------------------------------------------------------------------------
---------------------------------------------------------------------------------
Finished Applying XDC Timing Constraints : Time (s): cpu = 00:00:43 ; elapsed = 00:00:52 . Memory (MB): peak = 864.230 ; gain = 511.723
---------------------------------------------------------------------------------
---------------------------------------------------------------------------------
Start Timing Optimization
---------------------------------------------------------------------------------
---------------------------------------------------------------------------------
Finished Timing Optimization : Time (s): cpu = 00:00:43 ; elapsed = 00:00:53 . Memory (MB): peak = 864.230 ; gain = 511.723
---------------------------------------------------------------------------------

Report RTL Partitions: 
+-+--------------+------------+----------+
| |RTL Partition |Replication |Instances |
+-+--------------+------------+----------+
+-+--------------+------------+----------+
---------------------------------------------------------------------------------
Start Technology Mapping
---------------------------------------------------------------------------------
---------------------------------------------------------------------------------
Finished Technology Mapping : Time (s): cpu = 00:00:44 ; elapsed = 00:00:53 . Memory (MB): peak = 883.820 ; gain = 531.313
---------------------------------------------------------------------------------

Report RTL Partitions: 
+-+--------------+------------+----------+
| |RTL Partition |Replication |Instances |
+-+--------------+------------+----------+
+-+--------------+------------+----------+
---------------------------------------------------------------------------------
Start IO Insertion
---------------------------------------------------------------------------------
---------------------------------------------------------------------------------
Start Flattening Before IO Insertion
---------------------------------------------------------------------------------
---------------------------------------------------------------------------------
Finished Flattening Before IO Insertion
---------------------------------------------------------------------------------
---------------------------------------------------------------------------------
Start Final Netlist Cleanup
---------------------------------------------------------------------------------
---------------------------------------------------------------------------------
Finished Final Netlist Cleanup
---------------------------------------------------------------------------------
---------------------------------------------------------------------------------
Finished IO Insertion : Time (s): cpu = 00:00:46 ; elapsed = 00:00:55 . Memory (MB): peak = 883.820 ; gain = 531.313
---------------------------------------------------------------------------------

Report Check Netlist: 
+------+------------------+-------+---------+-------+------------------+
|      |Item              |Errors |Warnings |Status |Description       |
+------+------------------+-------+---------+-------+------------------+
|1     |multi_driven_nets |      0|        0|Passed |Multi driven nets |
+------+------------------+-------+---------+-------+------------------+
---------------------------------------------------------------------------------
Start Renaming Generated Instances
---------------------------------------------------------------------------------
---------------------------------------------------------------------------------
Finished Renaming Generated Instances : Time (s): cpu = 00:00:46 ; elapsed = 00:00:55 . Memory (MB): peak = 883.820 ; gain = 531.313
---------------------------------------------------------------------------------

Report RTL Partitions: 
+-+--------------+------------+----------+
| |RTL Partition |Replication |Instances |
+-+--------------+------------+----------+
+-+--------------+------------+----------+
---------------------------------------------------------------------------------
Start Rebuilding User Hierarchy
---------------------------------------------------------------------------------
---------------------------------------------------------------------------------
Finished Rebuilding User Hierarchy : Time (s): cpu = 00:00:46 ; elapsed = 00:00:55 . Memory (MB): peak = 883.820 ; gain = 531.313
---------------------------------------------------------------------------------
---------------------------------------------------------------------------------
Start Renaming Generated Ports
---------------------------------------------------------------------------------
---------------------------------------------------------------------------------
Finished Renaming Generated Ports : Time (s): cpu = 00:00:46 ; elapsed = 00:00:55 . Memory (MB): peak = 883.820 ; gain = 531.313
---------------------------------------------------------------------------------
---------------------------------------------------------------------------------
Start Handling Custom Attributes
---------------------------------------------------------------------------------
---------------------------------------------------------------------------------
Finished Handling Custom Attributes : Time (s): cpu = 00:00:46 ; elapsed = 00:00:55 . Memory (MB): peak = 883.820 ; gain = 531.313
---------------------------------------------------------------------------------
---------------------------------------------------------------------------------
Start Renaming Generated Nets
---------------------------------------------------------------------------------
---------------------------------------------------------------------------------
Finished Renaming Generated Nets : Time (s): cpu = 00:00:46 ; elapsed = 00:00:55 . Memory (MB): peak = 883.820 ; gain = 531.313
---------------------------------------------------------------------------------
---------------------------------------------------------------------------------
Start Writing Synthesis Report
---------------------------------------------------------------------------------

Report BlackBoxes: 
+-+--------------+----------+
| |BlackBox name |Instances |
+-+--------------+----------+
+-+--------------+----------+

Report Cell Usage: 
+------+------+------+
|      |Cell  |Count |
+------+------+------+
|1     |LUT1  |     2|
|2     |LUT2  |    25|
|3     |LUT3  |     4|
|4     |LUT4  |    29|
|5     |LUT5  |    17|
|6     |LUT6  |   540|
|7     |MUXF7 |   144|
|8     |FDCE  |     6|
|9     |FDRE  |   754|
|10    |FDSE  |     1|
+------+------+------+

Report Instance Areas: 
+------+----------------------------------------+-------------------------------+------+
|      |Instance                                |Module                         |Cells |
+------+----------------------------------------+-------------------------------+------+
|1     |top                                     |                               |  1522|
|2     |  inst                                  |memory_ctrl_merge_v1_0         |  1522|
|3     |    memory_ctrl_merge_v1_0_S00_AXI_inst |memory_ctrl_merge_v1_0_S00_AXI |  1522|
|4     |      memory_ctrl                       |memory_ctrl                    |  1437|
|5     |        memory                          |memory                         |  1423|
+------+----------------------------------------+-------------------------------+------+
---------------------------------------------------------------------------------
Finished Writing Synthesis Report : Time (s): cpu = 00:00:46 ; elapsed = 00:00:55 . Memory (MB): peak = 883.820 ; gain = 531.313
---------------------------------------------------------------------------------
Synthesis finished with 0 errors, 0 critical warnings and 125 warnings.
Synthesis Optimization Runtime : Time (s): cpu = 00:00:27 ; elapsed = 00:00:38 . Memory (MB): peak = 883.820 ; gain = 169.863
Synthesis Optimization Complete : Time (s): cpu = 00:00:46 ; elapsed = 00:00:56 . Memory (MB): peak = 883.820 ; gain = 531.313
INFO: [Project 1-571] Translating synthesized netlist
INFO: [Netlist 29-17] Analyzing 144 Unisim elements for replacement
INFO: [Netlist 29-28] Unisim Transformation completed in 0 CPU seconds
WARNING: [Netlist 29-101] Netlist 'system_memory_ctrl_merge_0_0' is not ideal for floorplanning, since the cellview 'memory' contains a large number of primitives.  Please consider enabling hierarchy in synthesis if you want to do floorplanning.
INFO: [Project 1-570] Preparing netlist for logic optimization
INFO: [Opt 31-138] Pushed 0 inverter(s) to 0 load pin(s).
INFO: [Project 1-111] Unisim Transformation Summary:
No Unisim elements were transformed.

INFO: [Common 17-83] Releasing license: Synthesis
113 Infos, 134 Warnings, 1 Critical Warnings and 0 Errors encountered.
synth_design completed successfully
synth_design: Time (s): cpu = 00:00:49 ; elapsed = 00:01:01 . Memory (MB): peak = 883.820 ; gain = 542.781
WARNING: [Constraints 18-5210] No constraint will be written out.
INFO: [Common 17-1381] The checkpoint 'C:/Xilinx/Vivado/2018.2/final_merge_v1/final_merge_v1.runs/system_memory_ctrl_merge_0_0_synth_1/system_memory_ctrl_merge_0_0.dcp' has been generated.
